<?xml version="1.0" encoding="UTF-8"?>
<testsuite xmlns:xsi="http://www.w3.org/2001/XMLSchema-instance" xsi:noNamespaceSchemaLocation="https://maven.apache.org/surefire/maven-surefire-plugin/xsd/surefire-test-report.xsd" version="3.0.2" name="com.rosebeauticare.rosebeauticare.RosebeauticareApplicationTests" time="5.026" tests="1" errors="0" skipped="0" failures="0">
  <properties>
    <property name="java.specification.version" value="17"/>
    <property name="sun.cpu.isalist" value="amd64"/>
    <property name="sun.jnu.encoding" value="Cp1252"/>
    <property name="java.class.path" value="L:\RoseBeautiCare\RoseBeautiCare-Backend\rosebeauticare\target\test-classes;L:\RoseBeautiCare\RoseBeautiCare-Backend\rosebeauticare\target\classes;C:\Users\Thila\.m2\repository\org\springframework\boot\spring-boot-starter-data-mongodb\3.4.6\spring-boot-starter-data-mongodb-3.4.6.jar;C:\Users\Thila\.m2\repository\org\springframework\boot\spring-boot-starter\3.4.6\spring-boot-starter-3.4.6.jar;C:\Users\Thila\.m2\repository\org\springframework\boot\spring-boot-starter-logging\3.4.6\spring-boot-starter-logging-3.4.6.jar;C:\Users\Thila\.m2\repository\ch\qos\logback\logback-classic\1.5.18\logback-classic-1.5.18.jar;C:\Users\Thila\.m2\repository\ch\qos\logback\logback-core\1.5.18\logback-core-1.5.18.jar;C:\Users\Thila\.m2\repository\org\apache\logging\log4j\log4j-to-slf4j\2.24.3\log4j-to-slf4j-2.24.3.jar;C:\Users\Thila\.m2\repository\org\apache\logging\log4j\log4j-api\2.24.3\log4j-api-2.24.3.jar;C:\Users\Thila\.m2\repository\org\slf4j\jul-to-slf4j\2.0.17\jul-to-slf4j-2.0.17.jar;C:\Users\Thila\.m2\repository\jakarta\annotation\jakarta.annotation-api\2.1.1\jakarta.annotation-api-2.1.1.jar;C:\Users\Thila\.m2\repository\org\yaml\snakeyaml\2.3\snakeyaml-2.3.jar;C:\Users\Thila\.m2\repository\org\mongodb\mongodb-driver-sync\5.2.1\mongodb-driver-sync-5.2.1.jar;C:\Users\Thila\.m2\repository\org\mongodb\bson\5.2.1\bson-5.2.1.jar;C:\Users\Thila\.m2\repository\org\mongodb\mongodb-driver-core\5.2.1\mongodb-driver-core-5.2.1.jar;C:\Users\Thila\.m2\repository\org\mongodb\bson-record-codec\5.2.1\bson-record-codec-5.2.1.jar;C:\Users\Thila\.m2\repository\org\springframework\data\spring-data-mongodb\4.4.6\spring-data-mongodb-4.4.6.jar;C:\Users\Thila\.m2\repository\org\springframework\spring-tx\6.2.7\spring-tx-6.2.7.jar;C:\Users\Thila\.m2\repository\org\springframework\spring-context\6.2.7\spring-context-6.2.7.jar;C:\Users\Thila\.m2\repository\org\springframework\spring-beans\6.2.7\spring-beans-6.2.7.jar;C:\Users\Thila\.m2\repository\org\springframework\spring-expression\6.2.7\spring-expression-6.2.7.jar;C:\Users\Thila\.m2\repository\org\springframework\data\spring-data-commons\3.4.6\spring-data-commons-3.4.6.jar;C:\Users\Thila\.m2\repository\org\slf4j\slf4j-api\2.0.17\slf4j-api-2.0.17.jar;C:\Users\Thila\.m2\repository\org\springframework\boot\spring-boot-starter-security\3.4.6\spring-boot-starter-security-3.4.6.jar;C:\Users\Thila\.m2\repository\org\springframework\spring-aop\6.2.7\spring-aop-6.2.7.jar;C:\Users\Thila\.m2\repository\org\springframework\security\spring-security-config\6.4.6\spring-security-config-6.4.6.jar;C:\Users\Thila\.m2\repository\org\springframework\security\spring-security-web\6.4.6\spring-security-web-6.4.6.jar;C:\Users\Thila\.m2\repository\org\springframework\boot\spring-boot-starter-web\3.4.6\spring-boot-starter-web-3.4.6.jar;C:\Users\Thila\.m2\repository\org\springframework\boot\spring-boot-starter-json\3.4.6\spring-boot-starter-json-3.4.6.jar;C:\Users\Thila\.m2\repository\com\fasterxml\jackson\datatype\jackson-datatype-jdk8\2.18.4\jackson-datatype-jdk8-2.18.4.jar;C:\Users\Thila\.m2\repository\com\fasterxml\jackson\datatype\jackson-datatype-jsr310\2.18.4\jackson-datatype-jsr310-2.18.4.jar;C:\Users\Thila\.m2\repository\com\fasterxml\jackson\module\jackson-module-parameter-names\2.18.4\jackson-module-parameter-names-2.18.4.jar;C:\Users\Thila\.m2\repository\org\springframework\boot\spring-boot-starter-tomcat\3.4.6\spring-boot-starter-tomcat-3.4.6.jar;C:\Users\Thila\.m2\repository\org\apache\tomcat\embed\tomcat-embed-core\10.1.41\tomcat-embed-core-10.1.41.jar;C:\Users\Thila\.m2\repository\org\apache\tomcat\embed\tomcat-embed-el\10.1.41\tomcat-embed-el-10.1.41.jar;C:\Users\Thila\.m2\repository\org\apache\tomcat\embed\tomcat-embed-websocket\10.1.41\tomcat-embed-websocket-10.1.41.jar;C:\Users\Thila\.m2\repository\org\springframework\spring-web\6.2.7\spring-web-6.2.7.jar;C:\Users\Thila\.m2\repository\io\micrometer\micrometer-observation\1.14.7\micrometer-observation-1.14.7.jar;C:\Users\Thila\.m2\repository\io\micrometer\micrometer-commons\1.14.7\micrometer-commons-1.14.7.jar;C:\Users\Thila\.m2\repository\org\springframework\spring-webmvc\6.2.7\spring-webmvc-6.2.7.jar;C:\Users\Thila\.m2\repository\io\jsonwebtoken\jjwt-api\0.12.6\jjwt-api-0.12.6.jar;C:\Users\Thila\.m2\repository\io\jsonwebtoken\jjwt-impl\0.12.6\jjwt-impl-0.12.6.jar;C:\Users\Thila\.m2\repository\io\jsonwebtoken\jjwt-jackson\0.12.6\jjwt-jackson-0.12.6.jar;C:\Users\Thila\.m2\repository\com\fasterxml\jackson\core\jackson-databind\2.18.4\jackson-databind-2.18.4.jar;C:\Users\Thila\.m2\repository\com\fasterxml\jackson\core\jackson-annotations\2.18.4\jackson-annotations-2.18.4.jar;C:\Users\Thila\.m2\repository\com\fasterxml\jackson\core\jackson-core\2.18.4\jackson-core-2.18.4.jar;C:\Users\Thila\.m2\repository\org\springframework\boot\spring-boot-devtools\3.4.6\spring-boot-devtools-3.4.6.jar;C:\Users\Thila\.m2\repository\org\springframework\boot\spring-boot\3.4.6\spring-boot-3.4.6.jar;C:\Users\Thila\.m2\repository\org\springframework\boot\spring-boot-autoconfigure\3.4.6\spring-boot-autoconfigure-3.4.6.jar;C:\Users\Thila\.m2\repository\org\projectlombok\lombok\1.18.34\lombok-1.18.34.jar;C:\Users\Thila\.m2\repository\org\springframework\boot\spring-boot-starter-test\3.4.6\spring-boot-starter-test-3.4.6.jar;C:\Users\Thila\.m2\repository\org\springframework\boot\spring-boot-test\3.4.6\spring-boot-test-3.4.6.jar;C:\Users\Thila\.m2\repository\org\springframework\boot\spring-boot-test-autoconfigure\3.4.6\spring-boot-test-autoconfigure-3.4.6.jar;C:\Users\Thila\.m2\repository\com\jayway\jsonpath\json-path\2.9.0\json-path-2.9.0.jar;C:\Users\Thila\.m2\repository\jakarta\xml\bind\jakarta.xml.bind-api\4.0.2\jakarta.xml.bind-api-4.0.2.jar;C:\Users\Thila\.m2\repository\jakarta\activation\jakarta.activation-api\2.1.3\jakarta.activation-api-2.1.3.jar;C:\Users\Thila\.m2\repository\net\minidev\json-smart\2.5.2\json-smart-2.5.2.jar;C:\Users\Thila\.m2\repository\net\minidev\accessors-smart\2.5.2\accessors-smart-2.5.2.jar;C:\Users\Thila\.m2\repository\org\ow2\asm\asm\9.7.1\asm-9.7.1.jar;C:\Users\Thila\.m2\repository\org\assertj\assertj-core\3.26.3\assertj-core-3.26.3.jar;C:\Users\Thila\.m2\repository\net\bytebuddy\byte-buddy\1.15.11\byte-buddy-1.15.11.jar;C:\Users\Thila\.m2\repository\org\awaitility\awaitility\4.2.2\awaitility-4.2.2.jar;C:\Users\Thila\.m2\repository\org\hamcrest\hamcrest\2.2\hamcrest-2.2.jar;C:\Users\Thila\.m2\repository\org\junit\jupiter\junit-jupiter\5.11.4\junit-jupiter-5.11.4.jar;C:\Users\Thila\.m2\repository\org\junit\jupiter\junit-jupiter-api\5.11.4\junit-jupiter-api-5.11.4.jar;C:\Users\Thila\.m2\repository\org\opentest4j\opentest4j\1.3.0\opentest4j-1.3.0.jar;C:\Users\Thila\.m2\repository\org\junit\platform\junit-platform-commons\1.11.4\junit-platform-commons-1.11.4.jar;C:\Users\Thila\.m2\repository\org\apiguardian\apiguardian-api\1.1.2\apiguardian-api-1.1.2.jar;C:\Users\Thila\.m2\repository\org\junit\jupiter\junit-jupiter-params\5.11.4\junit-jupiter-params-5.11.4.jar;C:\Users\Thila\.m2\repository\org\junit\jupiter\junit-jupiter-engine\5.11.4\junit-jupiter-engine-5.11.4.jar;C:\Users\Thila\.m2\repository\org\junit\platform\junit-platform-engine\1.11.4\junit-platform-engine-1.11.4.jar;C:\Users\Thila\.m2\repository\org\mockito\mockito-core\5.14.2\mockito-core-5.14.2.jar;C:\Users\Thila\.m2\repository\net\bytebuddy\byte-buddy-agent\1.15.11\byte-buddy-agent-1.15.11.jar;C:\Users\Thila\.m2\repository\org\objenesis\objenesis\3.3\objenesis-3.3.jar;C:\Users\Thila\.m2\repository\org\mockito\mockito-junit-jupiter\5.14.2\mockito-junit-jupiter-5.14.2.jar;C:\Users\Thila\.m2\repository\org\skyscreamer\jsonassert\1.5.3\jsonassert-1.5.3.jar;C:\Users\Thila\.m2\repository\com\vaadin\external\google\android-json\0.0.20131108.vaadin1\android-json-0.0.20131108.vaadin1.jar;C:\Users\Thila\.m2\repository\org\springframework\spring-core\6.2.7\spring-core-6.2.7.jar;C:\Users\Thila\.m2\repository\org\springframework\spring-jcl\6.2.7\spring-jcl-6.2.7.jar;C:\Users\Thila\.m2\repository\org\springframework\spring-test\6.2.7\spring-test-6.2.7.jar;C:\Users\Thila\.m2\repository\org\xmlunit\xmlunit-core\2.10.1\xmlunit-core-2.10.1.jar;C:\Users\Thila\.m2\repository\org\springframework\security\spring-security-test\6.4.6\spring-security-test-6.4.6.jar;C:\Users\Thila\.m2\repository\org\springframework\security\spring-security-core\6.4.6\spring-security-core-6.4.6.jar;C:\Users\Thila\.m2\repository\org\springframework\security\spring-security-crypto\6.4.6\spring-security-crypto-6.4.6.jar;C:\Users\Thila\.m2\repository\jakarta\validation\jakarta.validation-api\3.0.2\jakarta.validation-api-3.0.2.jar;"/>
    <property name="LOGBACK_ROLLINGPOLICY_MAX_FILE_SIZE" value="10485760"/>
    <property name="java.vm.vendor" value="Oracle Corporation"/>
    <property name="sun.arch.data.model" value="64"/>
    <property name="user.variant" value=""/>
    <property name="java.vendor.url" value="https://java.oracle.com/"/>
    <property name="user.timezone" value="Asia/Calcutta"/>
    <property name="os.name" value="Windows 11"/>
    <property name="java.vm.specification.version" value="17"/>
    <property name="APPLICATION_NAME" value="rosebeauticare"/>
    <property name="user.country" value="IN"/>
    <property name="sun.java.launcher" value="SUN_STANDARD"/>
    <property name="sun.boot.library.path" value="C:\Program Files\Java\jdk-17\bin"/>
    <property name="sun.java.command" value="C:\Users\Thila\AppData\Local\Temp\surefire327964974937631789\surefirebooter-20250623232658662_3.jar C:\Users\Thila\AppData\Local\Temp\surefire327964974937631789 2025-06-23T23-26-58_484-jvmRun1 surefire-20250623232658662_1tmp surefire_0-20250623232658662_2tmp"/>
    <property name="jdk.debug" value="release"/>
    <property name="surefire.test.class.path" value="L:\RoseBeautiCare\RoseBeautiCare-Backend\rosebeauticare\target\test-classes;L:\RoseBeautiCare\RoseBeautiCare-Backend\rosebeauticare\target\classes;C:\Users\Thila\.m2\repository\org\springframework\boot\spring-boot-starter-data-mongodb\3.4.6\spring-boot-starter-data-mongodb-3.4.6.jar;C:\Users\Thila\.m2\repository\org\springframework\boot\spring-boot-starter\3.4.6\spring-boot-starter-3.4.6.jar;C:\Users\Thila\.m2\repository\org\springframework\boot\spring-boot-starter-logging\3.4.6\spring-boot-starter-logging-3.4.6.jar;C:\Users\Thila\.m2\repository\ch\qos\logback\logback-classic\1.5.18\logback-classic-1.5.18.jar;C:\Users\Thila\.m2\repository\ch\qos\logback\logback-core\1.5.18\logback-core-1.5.18.jar;C:\Users\Thila\.m2\repository\org\apache\logging\log4j\log4j-to-slf4j\2.24.3\log4j-to-slf4j-2.24.3.jar;C:\Users\Thila\.m2\repository\org\apache\logging\log4j\log4j-api\2.24.3\log4j-api-2.24.3.jar;C:\Users\Thila\.m2\repository\org\slf4j\jul-to-slf4j\2.0.17\jul-to-slf4j-2.0.17.jar;C:\Users\Thila\.m2\repository\jakarta\annotation\jakarta.annotation-api\2.1.1\jakarta.annotation-api-2.1.1.jar;C:\Users\Thila\.m2\repository\org\yaml\snakeyaml\2.3\snakeyaml-2.3.jar;C:\Users\Thila\.m2\repository\org\mongodb\mongodb-driver-sync\5.2.1\mongodb-driver-sync-5.2.1.jar;C:\Users\Thila\.m2\repository\org\mongodb\bson\5.2.1\bson-5.2.1.jar;C:\Users\Thila\.m2\repository\org\mongodb\mongodb-driver-core\5.2.1\mongodb-driver-core-5.2.1.jar;C:\Users\Thila\.m2\repository\org\mongodb\bson-record-codec\5.2.1\bson-record-codec-5.2.1.jar;C:\Users\Thila\.m2\repository\org\springframework\data\spring-data-mongodb\4.4.6\spring-data-mongodb-4.4.6.jar;C:\Users\Thila\.m2\repository\org\springframework\spring-tx\6.2.7\spring-tx-6.2.7.jar;C:\Users\Thila\.m2\repository\org\springframework\spring-context\6.2.7\spring-context-6.2.7.jar;C:\Users\Thila\.m2\repository\org\springframework\spring-beans\6.2.7\spring-beans-6.2.7.jar;C:\Users\Thila\.m2\repository\org\springframework\spring-expression\6.2.7\spring-expression-6.2.7.jar;C:\Users\Thila\.m2\repository\org\springframework\data\spring-data-commons\3.4.6\spring-data-commons-3.4.6.jar;C:\Users\Thila\.m2\repository\org\slf4j\slf4j-api\2.0.17\slf4j-api-2.0.17.jar;C:\Users\Thila\.m2\repository\org\springframework\boot\spring-boot-starter-security\3.4.6\spring-boot-starter-security-3.4.6.jar;C:\Users\Thila\.m2\repository\org\springframework\spring-aop\6.2.7\spring-aop-6.2.7.jar;C:\Users\Thila\.m2\repository\org\springframework\security\spring-security-config\6.4.6\spring-security-config-6.4.6.jar;C:\Users\Thila\.m2\repository\org\springframework\security\spring-security-web\6.4.6\spring-security-web-6.4.6.jar;C:\Users\Thila\.m2\repository\org\springframework\boot\spring-boot-starter-web\3.4.6\spring-boot-starter-web-3.4.6.jar;C:\Users\Thila\.m2\repository\org\springframework\boot\spring-boot-starter-json\3.4.6\spring-boot-starter-json-3.4.6.jar;C:\Users\Thila\.m2\repository\com\fasterxml\jackson\datatype\jackson-datatype-jdk8\2.18.4\jackson-datatype-jdk8-2.18.4.jar;C:\Users\Thila\.m2\repository\com\fasterxml\jackson\datatype\jackson-datatype-jsr310\2.18.4\jackson-datatype-jsr310-2.18.4.jar;C:\Users\Thila\.m2\repository\com\fasterxml\jackson\module\jackson-module-parameter-names\2.18.4\jackson-module-parameter-names-2.18.4.jar;C:\Users\Thila\.m2\repository\org\springframework\boot\spring-boot-starter-tomcat\3.4.6\spring-boot-starter-tomcat-3.4.6.jar;C:\Users\Thila\.m2\repository\org\apache\tomcat\embed\tomcat-embed-core\10.1.41\tomcat-embed-core-10.1.41.jar;C:\Users\Thila\.m2\repository\org\apache\tomcat\embed\tomcat-embed-el\10.1.41\tomcat-embed-el-10.1.41.jar;C:\Users\Thila\.m2\repository\org\apache\tomcat\embed\tomcat-embed-websocket\10.1.41\tomcat-embed-websocket-10.1.41.jar;C:\Users\Thila\.m2\repository\org\springframework\spring-web\6.2.7\spring-web-6.2.7.jar;C:\Users\Thila\.m2\repository\io\micrometer\micrometer-observation\1.14.7\micrometer-observation-1.14.7.jar;C:\Users\Thila\.m2\repository\io\micrometer\micrometer-commons\1.14.7\micrometer-commons-1.14.7.jar;C:\Users\Thila\.m2\repository\org\springframework\spring-webmvc\6.2.7\spring-webmvc-6.2.7.jar;C:\Users\Thila\.m2\repository\io\jsonwebtoken\jjwt-api\0.12.6\jjwt-api-0.12.6.jar;C:\Users\Thila\.m2\repository\io\jsonwebtoken\jjwt-impl\0.12.6\jjwt-impl-0.12.6.jar;C:\Users\Thila\.m2\repository\io\jsonwebtoken\jjwt-jackson\0.12.6\jjwt-jackson-0.12.6.jar;C:\Users\Thila\.m2\repository\com\fasterxml\jackson\core\jackson-databind\2.18.4\jackson-databind-2.18.4.jar;C:\Users\Thila\.m2\repository\com\fasterxml\jackson\core\jackson-annotations\2.18.4\jackson-annotations-2.18.4.jar;C:\Users\Thila\.m2\repository\com\fasterxml\jackson\core\jackson-core\2.18.4\jackson-core-2.18.4.jar;C:\Users\Thila\.m2\repository\org\springframework\boot\spring-boot-devtools\3.4.6\spring-boot-devtools-3.4.6.jar;C:\Users\Thila\.m2\repository\org\springframework\boot\spring-boot\3.4.6\spring-boot-3.4.6.jar;C:\Users\Thila\.m2\repository\org\springframework\boot\spring-boot-autoconfigure\3.4.6\spring-boot-autoconfigure-3.4.6.jar;C:\Users\Thila\.m2\repository\org\projectlombok\lombok\1.18.34\lombok-1.18.34.jar;C:\Users\Thila\.m2\repository\org\springframework\boot\spring-boot-starter-test\3.4.6\spring-boot-starter-test-3.4.6.jar;C:\Users\Thila\.m2\repository\org\springframework\boot\spring-boot-test\3.4.6\spring-boot-test-3.4.6.jar;C:\Users\Thila\.m2\repository\org\springframework\boot\spring-boot-test-autoconfigure\3.4.6\spring-boot-test-autoconfigure-3.4.6.jar;C:\Users\Thila\.m2\repository\com\jayway\jsonpath\json-path\2.9.0\json-path-2.9.0.jar;C:\Users\Thila\.m2\repository\jakarta\xml\bind\jakarta.xml.bind-api\4.0.2\jakarta.xml.bind-api-4.0.2.jar;C:\Users\Thila\.m2\repository\jakarta\activation\jakarta.activation-api\2.1.3\jakarta.activation-api-2.1.3.jar;C:\Users\Thila\.m2\repository\net\minidev\json-smart\2.5.2\json-smart-2.5.2.jar;C:\Users\Thila\.m2\repository\net\minidev\accessors-smart\2.5.2\accessors-smart-2.5.2.jar;C:\Users\Thila\.m2\repository\org\ow2\asm\asm\9.7.1\asm-9.7.1.jar;C:\Users\Thila\.m2\repository\org\assertj\assertj-core\3.26.3\assertj-core-3.26.3.jar;C:\Users\Thila\.m2\repository\net\bytebuddy\byte-buddy\1.15.11\byte-buddy-1.15.11.jar;C:\Users\Thila\.m2\repository\org\awaitility\awaitility\4.2.2\awaitility-4.2.2.jar;C:\Users\Thila\.m2\repository\org\hamcrest\hamcrest\2.2\hamcrest-2.2.jar;C:\Users\Thila\.m2\repository\org\junit\jupiter\junit-jupiter\5.11.4\junit-jupiter-5.11.4.jar;C:\Users\Thila\.m2\repository\org\junit\jupiter\junit-jupiter-api\5.11.4\junit-jupiter-api-5.11.4.jar;C:\Users\Thila\.m2\repository\org\opentest4j\opentest4j\1.3.0\opentest4j-1.3.0.jar;C:\Users\Thila\.m2\repository\org\junit\platform\junit-platform-commons\1.11.4\junit-platform-commons-1.11.4.jar;C:\Users\Thila\.m2\repository\org\apiguardian\apiguardian-api\1.1.2\apiguardian-api-1.1.2.jar;C:\Users\Thila\.m2\repository\org\junit\jupiter\junit-jupiter-params\5.11.4\junit-jupiter-params-5.11.4.jar;C:\Users\Thila\.m2\repository\org\junit\jupiter\junit-jupiter-engine\5.11.4\junit-jupiter-engine-5.11.4.jar;C:\Users\Thila\.m2\repository\org\junit\platform\junit-platform-engine\1.11.4\junit-platform-engine-1.11.4.jar;C:\Users\Thila\.m2\repository\org\mockito\mockito-core\5.14.2\mockito-core-5.14.2.jar;C:\Users\Thila\.m2\repository\net\bytebuddy\byte-buddy-agent\1.15.11\byte-buddy-agent-1.15.11.jar;C:\Users\Thila\.m2\repository\org\objenesis\objenesis\3.3\objenesis-3.3.jar;C:\Users\Thila\.m2\repository\org\mockito\mockito-junit-jupiter\5.14.2\mockito-junit-jupiter-5.14.2.jar;C:\Users\Thila\.m2\repository\org\skyscreamer\jsonassert\1.5.3\jsonassert-1.5.3.jar;C:\Users\Thila\.m2\repository\com\vaadin\external\google\android-json\0.0.20131108.vaadin1\android-json-0.0.20131108.vaadin1.jar;C:\Users\Thila\.m2\repository\org\springframework\spring-core\6.2.7\spring-core-6.2.7.jar;C:\Users\Thila\.m2\repository\org\springframework\spring-jcl\6.2.7\spring-jcl-6.2.7.jar;C:\Users\Thila\.m2\repository\org\springframework\spring-test\6.2.7\spring-test-6.2.7.jar;C:\Users\Thila\.m2\repository\org\xmlunit\xmlunit-core\2.10.1\xmlunit-core-2.10.1.jar;C:\Users\Thila\.m2\repository\org\springframework\security\spring-security-test\6.4.6\spring-security-test-6.4.6.jar;C:\Users\Thila\.m2\repository\org\springframework\security\spring-security-core\6.4.6\spring-security-core-6.4.6.jar;C:\Users\Thila\.m2\repository\org\springframework\security\spring-security-crypto\6.4.6\spring-security-crypto-6.4.6.jar;C:\Users\Thila\.m2\repository\jakarta\validation\jakarta.validation-api\3.0.2\jakarta.validation-api-3.0.2.jar;"/>
    <property name="sun.cpu.endian" value="little"/>
    <property name="user.home" value="C:\Users\Thila"/>
    <property name="user.language" value="en"/>
    <property name="java.specification.vendor" value="Oracle Corporation"/>
    <property name="java.version.date" value="2024-07-16"/>
    <property name="java.home" value="C:\Program Files\Java\jdk-17"/>
    <property name="file.separator" value="\"/>
    <property name="basedir" value="L:\RoseBeautiCare\RoseBeautiCare-Backend\rosebeauticare"/>
    <property name="java.vm.compressedOopsMode" value="32-bit"/>
    <property name="line.separator" value="&#10;"/>
    <property name="java.vm.specification.vendor" value="Oracle Corporation"/>
    <property name="java.specification.name" value="Java Platform API Specification"/>
    <property name="FILE_LOG_CHARSET" value="windows-1252"/>
    <property name="java.awt.headless" value="true"/>
    <property name="surefire.real.class.path" value="C:\Users\Thila\AppData\Local\Temp\surefire327964974937631789\surefirebooter-20250623232658662_3.jar"/>
    <property name="user.script" value=""/>
    <property name="sun.management.compiler" value="HotSpot 64-Bit Tiered Compilers"/>
    <property name="java.runtime.version" value="17.0.12+8-LTS-286"/>
    <property name="user.name" value="Thila"/>
    <property name="path.separator" value=";"/>
    <property name="os.version" value="10.0"/>
    <property name="java.runtime.name" value="Java(TM) SE Runtime Environment"/>
    <property name="file.encoding" value="Cp1252"/>
    <property name="java.vm.name" value="Java HotSpot(TM) 64-Bit Server VM"/>
    <property name="LOG_FILE" value="logs/rosebeauticare.log"/>
    <property name="localRepository" value="C:\Users\Thila\.m2\repository"/>
    <property name="java.vendor.url.bug" value="https://bugreport.java.com/bugreport/"/>
    <property name="java.io.tmpdir" value="C:\Users\Thila\AppData\Local\Temp\"/>
    <property name="java.version" value="17.0.12"/>
    <property name="user.dir" value="L:\RoseBeautiCare\RoseBeautiCare-Backend\rosebeauticare"/>
    <property name="os.arch" value="amd64"/>
    <property name="java.vm.specification.name" value="Java Virtual Machine Specification"/>
    <property name="PID" value="20936"/>
    <property name="sun.os.patch.level" value=""/>
    <property name="CONSOLE_LOG_CHARSET" value="windows-1252"/>
    <property name="LOGBACK_ROLLINGPOLICY_MAX_HISTORY" value="10"/>
    <property name="native.encoding" value="Cp1252"/>
    <property name="java.library.path" value="C:\Program Files\Java\jdk-17\bin;C:\Windows\Sun\Java\bin;C:\Windows\system32;C:\Windows;C:\Python313\Scripts\;C:\Python313\;C:\Program Files\Common Files\Oracle\Java\javapath;C:\Windows\system32;C:\Windows;C:\Windows\System32\Wbem;C:\Windows\System32\WindowsPowerShell\v1.0\;C:\Windows\System32\OpenSSH\;C:\ProgramData\chocolatey\bin;C:\Program Files\nodejs\;C:\Program Files\Docker\Docker\resources\bin;C:\Program Files\Git\cmd;C:\Program Files\GitHub CLI\;C:\Users\Thila\AppData\Local\Microsoft\WindowsApps;C:\Users\Thila\AppData\Local\Programs\Microsoft VS Code Insiders\bin;C:\Users\Thila\AppData\Local\Programs\Microsoft VS Code\bin;C:\Program Files\Apache\maven\bin;C:\Users\Thila\AppData\Roaming\npm;C:\Users\Thila\AppData\Local\Microsoft\WinGet\Packages\Fly-io.flyctl_Microsoft.Winget.Source_8wekyb3d8bbwe;;c:\Users\Thila\AppData\Roaming\Code - Insiders\User\globalStorage\github.copilot-chat\debugCommand;."/>
    <property name="java.vm.info" value="mixed mode, sharing"/>
    <property name="java.vendor" value="Oracle Corporation"/>
    <property name="java.vm.version" value="17.0.12+8-LTS-286"/>
    <property name="sun.io.unicode.encoding" value="UnicodeLittle"/>
    <property name="java.class.version" value="61.0"/>
    <property name="CONSOLE_LOG_PATTERN" value="%d{yyyy-MM-dd HH:mm:ss} %-5level %logger{36} - %msg%n"/>
    <property name="LOGGED_APPLICATION_NAME" value="[rosebeauticare] "/>
  </properties>
  <testcase name="contextLoads" classname="com.rosebeauticare.rosebeauticare.RosebeauticareApplicationTests" time="0.883">
    <system-out><![CDATA[23:26:59.390 [main] INFO org.springframework.test.context.support.AnnotationConfigContextLoaderUtils -- Could not detect default configuration classes for test class [com.rosebeauticare.rosebeauticare.RosebeauticareApplicationTests]: RosebeauticareApplicationTests does not declare any static, non-private, non-final, nested classes annotated with @Configuration.
23:26:59.493 [main] INFO org.springframework.boot.test.context.SpringBootTestContextBootstrapper -- Found @SpringBootConfiguration com.rosebeauticare.rosebeauticare.RosebeauticareApplication for test class com.rosebeauticare.rosebeauticare.RosebeauticareApplicationTests
23:26:59.669 [main] INFO org.springframework.boot.devtools.restart.RestartApplicationListener -- Restart disabled due to context in which it is running

  .   ____          _            __ _ _
 /\\ / ___'_ __ _ _(_)_ __  __ _ \ \ \ \
( ( )\___ | '_ | '_| | '_ \/ _` | \ \ \ \
 \\/  ___)| |_)| | | | | || (_| |  ) ) ) )
  '  |____| .__|_| |_|_| |_\__, | / / / /
 =========|_|==============|___/=/_/_/_/

 :: Spring Boot ::                (v3.4.6)

2025-06-23 23:27:00 INFO  c.r.r.RosebeauticareApplicationTests - Starting RosebeauticareApplicationTests using Java 17.0.12 with PID 20936 (started by Thila in L:\RoseBeautiCare\RoseBeautiCare-Backend\rosebeauticare)
2025-06-23 23:27:00 DEBUG c.r.r.RosebeauticareApplicationTests - Running with Spring Boot v3.4.6, Spring v6.2.7
2025-06-23 23:27:00 INFO  c.r.r.RosebeauticareApplicationTests - No active profile set, falling back to 1 default profile: "default"
2025-06-23 23:27:00 INFO  o.s.d.r.c.RepositoryConfigurationDelegate - Bootstrapping Spring Data MongoDB repositories in DEFAULT mode.
2025-06-23 23:27:00 INFO  o.s.d.r.c.RepositoryConfigurationDelegate - Finished Spring Data repository scanning in 58 ms. Found 4 MongoDB repository interfaces.
2025-06-23 23:27:01 INFO  org.mongodb.driver.client - MongoClient with metadata {"driver": {"name": "mongo-java-driver|sync|spring-boot", "version": "5.2.1"}, "os": {"type": "Windows", "name": "Windows 11", "architecture": "amd64", "version": "10.0"}, "platform": "Java/Oracle Corporation/17.0.12+8-LTS-286"} created with settings MongoClientSettings{readPreference=primary, writeConcern=WriteConcern{w=majority, wTimeout=null ms, journal=null}, retryWrites=true, retryReads=true, readConcern=ReadConcern{level=null}, credential=MongoCredential{mechanism=null, userName='rosebeauticare', source='admin', password=<hidden>, mechanismProperties=<hidden>}, transportSettings=null, commandListeners=[], codecRegistry=ProvidersCodecRegistry{codecProviders=[ValueCodecProvider{}, BsonValueCodecProvider{}, DBRefCodecProvider{}, DBObjectCodecProvider{}, DocumentCodecProvider{}, CollectionCodecProvider{}, IterableCodecProvider{}, MapCodecProvider{}, GeoJsonCodecProvider{}, GridFSFileCodecProvider{}, Jsr310CodecProvider{}, JsonObjectCodecProvider{}, BsonCodecProvider{}, EnumCodecProvider{}, com.mongodb.client.model.mql.ExpressionCodecProvider@499ee966, com.mongodb.Jep395RecordCodecProvider@76f2dad9, com.mongodb.KotlinCodecProvider@171dc7c3]}, loggerSettings=LoggerSettings{maxDocumentLength=1000}, clusterSettings={hosts=[127.0.0.1:27017], srvHost=rosebeauticare.jjndu3d.mongodb.net, srvServiceName=mongodb, mode=MULTIPLE, requiredClusterType=REPLICA_SET, requiredReplicaSetName='atlas-woiqe8-shard-0', serverSelector='null', clusterListeners='[]', serverSelectionTimeout='30000 ms', localThreshold='15 ms'}, socketSettings=SocketSettings{connectTimeoutMS=10000, readTimeoutMS=0, receiveBufferSize=0, proxySettings=ProxySettings{host=null, port=null, username=null, password=null}}, heartbeatSocketSettings=SocketSettings{connectTimeoutMS=10000, readTimeoutMS=10000, receiveBufferSize=0, proxySettings=ProxySettings{host=null, port=null, username=null, password=null}}, connectionPoolSettings=ConnectionPoolSettings{maxSize=100, minSize=0, maxWaitTimeMS=120000, maxConnectionLifeTimeMS=0, maxConnectionIdleTimeMS=0, maintenanceInitialDelayMS=0, maintenanceFrequencyMS=60000, connectionPoolListeners=[], maxConnecting=2}, serverSettings=ServerSettings{heartbeatFrequencyMS=10000, minHeartbeatFrequencyMS=500, serverMonitoringMode=AUTO, serverListeners='[]', serverMonitorListeners='[]'}, sslSettings=SslSettings{enabled=true, invalidHostNameAllowed=false, context=null}, applicationName='null', compressorList=[], uuidRepresentation=JAVA_LEGACY, serverApi=null, autoEncryptionSettings=null, dnsClient=null, inetAddressResolver=null, contextProvider=null, timeoutMS=null}
2025-06-23 23:27:01 INFO  org.mongodb.driver.cluster - Adding discovered server ac-h1gys6c-shard-00-00.jjndu3d.mongodb.net:27017 to client view of cluster
2025-06-23 23:27:01 INFO  org.mongodb.driver.cluster - Adding discovered server ac-h1gys6c-shard-00-01.jjndu3d.mongodb.net:27017 to client view of cluster
2025-06-23 23:27:01 INFO  org.mongodb.driver.cluster - Adding discovered server ac-h1gys6c-shard-00-02.jjndu3d.mongodb.net:27017 to client view of cluster
2025-06-23 23:27:02 INFO  o.s.s.c.a.a.c.InitializeUserDetailsBeanManagerConfigurer$InitializeUserDetailsManagerConfigurer - Global AuthenticationManager configured with UserDetailsService bean with name userDetailsServiceImpl
2025-06-23 23:27:02 DEBUG o.s.s.web.DefaultSecurityFilterChain - Will secure any request with filters: DisableEncodeUrlFilter, WebAsyncManagerIntegrationFilter, SecurityContextHolderFilter, HeaderWriterFilter, CorsFilter, LogoutFilter, JwtAuthenticationFilter, RequestCacheAwareFilter, SecurityContextHolderAwareRequestFilter, AnonymousAuthenticationFilter, SessionManagementFilter, ExceptionTranslationFilter, AuthorizationFilter
2025-06-23 23:27:03 INFO  org.mongodb.driver.cluster - Monitor thread successfully connected to server with description ServerDescription{address=ac-h1gys6c-shard-00-02.jjndu3d.mongodb.net:27017, type=REPLICA_SET_SECONDARY, cryptd=false, state=CONNECTED, ok=true, minWireVersion=0, maxWireVersion=25, maxDocumentSize=16777216, logicalSessionTimeoutMinutes=30, roundTripTimeNanos=322305900, minRoundTripTimeNanos=0, setName='atlas-woiqe8-shard-0', canonicalAddress=ac-h1gys6c-shard-00-02.jjndu3d.mongodb.net:27017, hosts=[ac-h1gys6c-shard-00-00.jjndu3d.mongodb.net:27017, ac-h1gys6c-shard-00-01.jjndu3d.mongodb.net:27017, ac-h1gys6c-shard-00-02.jjndu3d.mongodb.net:27017], passives=[], arbiters=[], primary='ac-h1gys6c-shard-00-01.jjndu3d.mongodb.net:27017', tagSet=TagSet{[Tag{name='availabilityZone', value='aps1-az2'}, Tag{name='diskState', value='READY'}, Tag{name='nodeType', value='ELECTABLE'}, Tag{name='provider', value='AWS'}, Tag{name='region', value='AP_SOUTH_1'}, Tag{name='workloadType', value='OPERATIONAL'}]}, electionId=null, setVersion=22, topologyVersion=TopologyVersion{processId=68528897bc07630d0d9fdd68, counter=5}, lastWriteDate=Mon Jun 23 23:27:03 IST 2025, lastUpdateTimeNanos=43050908737500}
2025-06-23 23:27:03 INFO  org.mongodb.driver.cluster - Monitor thread successfully connected to server with description ServerDescription{address=ac-h1gys6c-shard-00-00.jjndu3d.mongodb.net:27017, type=REPLICA_SET_SECONDARY, cryptd=false, state=CONNECTED, ok=true, minWireVersion=0, maxWireVersion=25, maxDocumentSize=16777216, logicalSessionTimeoutMinutes=30, roundTripTimeNanos=287384000, minRoundTripTimeNanos=0, setName='atlas-woiqe8-shard-0', canonicalAddress=ac-h1gys6c-shard-00-00.jjndu3d.mongodb.net:27017, hosts=[ac-h1gys6c-shard-00-00.jjndu3d.mongodb.net:27017, ac-h1gys6c-shard-00-01.jjndu3d.mongodb.net:27017, ac-h1gys6c-shard-00-02.jjndu3d.mongodb.net:27017], passives=[], arbiters=[], primary='ac-h1gys6c-shard-00-01.jjndu3d.mongodb.net:27017', tagSet=TagSet{[Tag{name='availabilityZone', value='aps1-az1'}, Tag{name='diskState', value='READY'}, Tag{name='nodeType', value='ELECTABLE'}, Tag{name='provider', value='AWS'}, Tag{name='region', value='AP_SOUTH_1'}, Tag{name='workloadType', value='OPERATIONAL'}]}, electionId=null, setVersion=22, topologyVersion=TopologyVersion{processId=6852872ffcc3c8a53b3dc2bc, counter=5}, lastWriteDate=Mon Jun 23 23:27:03 IST 2025, lastUpdateTimeNanos=43050908659300}
2025-06-23 23:27:03 INFO  org.mongodb.driver.cluster - Monitor thread successfully connected to server with description ServerDescription{address=ac-h1gys6c-shard-00-01.jjndu3d.mongodb.net:27017, type=REPLICA_SET_PRIMARY, cryptd=false, state=CONNECTED, ok=true, minWireVersion=0, maxWireVersion=25, maxDocumentSize=16777216, logicalSessionTimeoutMinutes=30, roundTripTimeNanos=381745400, minRoundTripTimeNanos=0, setName='atlas-woiqe8-shard-0', canonicalAddress=ac-h1gys6c-shard-00-01.jjndu3d.mongodb.net:27017, hosts=[ac-h1gys6c-shard-00-00.jjndu3d.mongodb.net:27017, ac-h1gys6c-shard-00-01.jjndu3d.mongodb.net:27017, ac-h1gys6c-shard-00-02.jjndu3d.mongodb.net:27017], passives=[], arbiters=[], primary='ac-h1gys6c-shard-00-01.jjndu3d.mongodb.net:27017', tagSet=TagSet{[Tag{name='availabilityZone', value='aps1-az3'}, Tag{name='diskState', value='READY'}, Tag{name='nodeType', value='ELECTABLE'}, Tag{name='provider', value='AWS'}, Tag{name='region', value='AP_SOUTH_1'}, Tag{name='workloadType', value='OPERATIONAL'}]}, electionId=7fffffff0000000000000035, setVersion=22, topologyVersion=TopologyVersion{processId=6852862286fc46b13122995e, counter=9}, lastWriteDate=Mon Jun 23 23:27:03 IST 2025, lastUpdateTimeNanos=43050908613600}
2025-06-23 23:27:03 INFO  org.mongodb.driver.cluster - Discovered replica set primary ac-h1gys6c-shard-00-01.jjndu3d.mongodb.net:27017 with max election id 7fffffff0000000000000035 and max set version 22
2025-06-23 23:27:03 INFO  o.s.v.b.OptionalValidatorFactoryBean - Failed to set up a Bean Validation provider: jakarta.validation.NoProviderFoundException: Unable to create a Configuration, because no Jakarta Bean Validation provider could be found. Add a provider like Hibernate Validator (RI) to your classpath.
2025-06-23 23:27:03 INFO  c.r.r.RosebeauticareApplicationTests - Started RosebeauticareApplicationTests in 3.71 seconds (process running for 4.588)
]]></system-out>
  </testcase>
</testsuite>